2017-08-22 10:37:32 -  - exec CUpdateClientPartner::GetUpdatesList
2017-08-22 10:37:32 -  - exec CUpdateClientPartner::__CollectRequestData
2017-08-22 10:37:32 -  - utf=Y&lang=ru&stable=Y&CANGZIP=Y&SUPD_DBS=MYSQL&XE=N&CLIENT_SITE=klinika-boli.dialweb.ru&LICENSE_KEY=X&SUPD_STS=1&SUPD_URS=0&SUPD_URSA=2&TYPENC=D&CLIENT_PHPVER=5.4.45-0%2Bdeb7u8&NGINX=Y&dbv=5.5.46&instm=main%2C16.5.4%2CY%3Bmobileapp%2C16.0.5%2CN%3Bcompression%2C16.0.0%2CN%3Bclouds%2C16.0.1%2CN%3Bperfmon%2C16.0.0%2CN%3Bblog%2C16.5.4%2CN%3Bform%2C15.0.2%2CN%3Bscale%2C16.0.0%2CN%3Bsubscribe%2C16.0.0%2CN%3Bfileman%2C16.5.4%2CN%3Bsecurity%2C16.0.3%2CN%3Biblock%2C16.5.2%2CN%3Bbitrix.sitecorporate%2C15.0.0%2CN%3Bhighloadblock%2C16.0.2%2CN%3Bsearch%2C16.0.0%2CN%3Bseo%2C16.0.3%2CN%3Bphotogallery%2C16.0.1%2CN%3Bsocialservices%2C16.5.4%2CN%3Bbitrix.siteinfoportal%2C15.0.0%2CN%3Bvote%2C15.5.0%2CN%3Bbitrix.sitepersonal%2C15.0.0%2CN%3Bbitrixcloud%2C16.0.0%2CN%3Btranslate%2C14.5.0%2CN%3Bforum%2C16.5.2%2CN&reqm=bitrix.sitecorporate%2Cbitrix.siteinfoportal%2Cbitrix.sitepersonal&SUPD_SRS=RU&SUPD_CMP=N
2017-08-22 10:37:32 -  - exec CUpdateClientPartner::GetHTTPPage
2017-08-22 10:37:33 -  - TIME GetUpdatesList(request) 0.476 sec
2017-08-22 10:37:33 -  - exec CUpdateClientPartner::ParseServerData
2017-08-22 10:37:33 -  - exec CUpdateClientPartner::GetUpdatesList
2017-08-22 10:37:33 -  - exec CUpdateClientPartner::__CollectRequestData
2017-08-22 10:37:33 -  - utf=Y&lang=ru&stable=Y&CANGZIP=Y&SUPD_DBS=MYSQL&XE=N&CLIENT_SITE=klinika-boli.dialweb.ru&LICENSE_KEY=X&SUPD_STS=1&SUPD_URS=0&SUPD_URSA=2&TYPENC=D&CLIENT_PHPVER=5.4.45-0%2Bdeb7u8&NGINX=Y&dbv=5.5.46&instm=main%2C16.5.4%2CY%3Bmobileapp%2C16.0.5%2CN%3Bcompression%2C16.0.0%2CN%3Bclouds%2C16.0.1%2CN%3Bperfmon%2C16.0.0%2CN%3Bblog%2C16.5.4%2CN%3Bform%2C15.0.2%2CN%3Bscale%2C16.0.0%2CN%3Bsubscribe%2C16.0.0%2CN%3Bfileman%2C16.5.4%2CN%3Bsecurity%2C16.0.3%2CN%3Biblock%2C16.5.2%2CN%3Bbitrix.sitecorporate%2C15.0.0%2CN%3Bhighloadblock%2C16.0.2%2CN%3Bsearch%2C16.0.0%2CN%3Bseo%2C16.0.3%2CN%3Bphotogallery%2C16.0.1%2CN%3Bsocialservices%2C16.5.4%2CN%3Bbitrix.siteinfoportal%2C15.0.0%2CN%3Bvote%2C15.5.0%2CN%3Bbitrix.sitepersonal%2C15.0.0%2CN%3Bbitrixcloud%2C16.0.0%2CN%3Btranslate%2C14.5.0%2CN%3Bforum%2C16.5.2%2CN&reqm=bitrix.sitecorporate%2Cbitrix.siteinfoportal%2Cbitrix.sitepersonal&fullmoduleinfo=Y&SUPD_SRS=RU&SUPD_CMP=N
2017-08-22 10:37:33 -  - exec CUpdateClientPartner::GetHTTPPage
2017-08-22 10:37:33 -  - TIME GetUpdatesList(request) 0.494 sec
2017-08-22 10:37:33 -  - exec CUpdateClientPartner::ParseServerData
2018-02-15 12:57:38 -  - exec CUpdateClientPartner::GetUpdatesList
2018-02-15 12:57:38 -  - exec CUpdateClientPartner::__CollectRequestData
2018-02-15 12:57:38 -  - utf=Y&lang=ru&stable=Y&CANGZIP=Y&SUPD_DBS=MYSQL&XE=N&CLIENT_SITE=www.clinicaboli.ru&LICENSE_KEY=X&SUPD_STS=1&SUPD_URS=0&SUPD_URSA=17&TYPENC=E&CLIENT_PHPVER=5.4.45&NGINX=Y&dbv=5.5.52&instm=main%2C16.5.16%2CN%3Bvote%2C17.5.0%2CN%3Bclouds%2C17.0.0%2CN%3Bsocialservices%2C17.1.5%2CN%3Biblock%2C17.0.9%2CN%3Bcompression%2C16.0.0%2CN%3Bmobileapp%2C16.0.10%2CN%3Bbitrix.sitepersonal%2C15.0.0%2CN%3Bbitrix.siteinfoportal%2C15.0.0%2CN%3Bbitrix.sitecorporate%2C15.0.0%2CN%3Btranslate%2C15.5.0%2CN%3Bperfmon%2C17.0.0%2CN%3Bsubscribe%2C17.0.0%2CN%3Bscale%2C16.0.0%2CN%3Bphotogallery%2C17.0.2%2CN%3Bhighloadblock%2C16.0.2%2CN%3Bsearch%2C17.0.1%2CN%3Bsecurity%2C17.0.1%2CN%3Bblog%2C17.0.0%2CN%3Bbitrixcloud%2C17.0.0%2CN%3Bforum%2C17.0.1%2CN%3Bfileman%2C17.5.0%2CN%3Bform%2C17.0.1%2CN%3Bseo%2C17.0.7%2CN&reqm=bitrix.sitepersonal%2Cbitrix.siteinfoportal%2Cbitrix.sitecorporate&fullmoduleinfo=Y&SUPD_SRS=RU&SUPD_CMP=N
2018-02-15 12:57:38 -  - exec CUpdateClientPartner::GetHTTPPage
2018-02-15 12:57:38 -  - TIME GetUpdatesList(request) 0.321 sec
2018-02-15 12:57:38 -  - exec CUpdateClientPartner::ParseServerData
2018-02-15 14:53:56 -  - exec CUpdateClientPartner::GetUpdatesList
2018-02-15 14:53:56 -  - exec CUpdateClientPartner::__CollectRequestData
2018-02-15 14:53:56 -  - utf=Y&lang=ru&stable=Y&CANGZIP=Y&SUPD_DBS=MYSQL&XE=N&CLIENT_SITE=www.clinicaboli.ru&LICENSE_KEY=X&SUPD_STS=1&SUPD_URS=0&SUPD_URSA=17&TYPENC=E&CLIENT_PHPVER=5.4.45&NGINX=Y&dbv=5.5.52&instm=main%2C16.5.16%2CN%3Bvote%2C17.5.0%2CN%3Bclouds%2C17.0.0%2CN%3Bsocialservices%2C17.1.5%2CN%3Biblock%2C17.0.9%2CN%3Bcompression%2C16.0.0%2CN%3Bmobileapp%2C16.0.10%2CN%3Bbitrix.sitepersonal%2C15.0.0%2CN%3Bbitrix.siteinfoportal%2C15.0.0%2CN%3Bbitrix.sitecorporate%2C15.0.0%2CN%3Btranslate%2C15.5.0%2CN%3Bperfmon%2C17.0.0%2CN%3Bsubscribe%2C17.0.0%2CN%3Bscale%2C16.0.0%2CN%3Bphotogallery%2C17.0.2%2CN%3Bhighloadblock%2C16.0.2%2CN%3Bsearch%2C17.0.1%2CN%3Bsecurity%2C17.0.1%2CN%3Bblog%2C17.0.0%2CN%3Bbitrixcloud%2C17.0.0%2CN%3Bforum%2C17.0.1%2CN%3Bfileman%2C17.5.0%2CN%3Bform%2C17.0.1%2CN%3Bseo%2C17.0.7%2CN&reqm=bitrix.sitepersonal%2Cbitrix.siteinfoportal%2Cbitrix.sitecorporate&fullmoduleinfo=Y&SUPD_SRS=RU&SUPD_CMP=N
2018-02-15 14:53:56 -  - exec CUpdateClientPartner::GetHTTPPage
2018-02-15 14:53:56 -  - TIME GetUpdatesList(request) 0.34 sec
2018-02-15 14:53:56 -  - exec CUpdateClientPartner::ParseServerData
2019-01-21 12:00:43 -  - exec CUpdateClientPartner::GetUpdatesList
2019-01-21 12:00:43 -  - exec CUpdateClientPartner::__CollectRequestData
2019-01-21 12:00:43 -  - utf=Y&lang=ru&stable=Y&CANGZIP=Y&SUPD_DBS=MYSQL&XE=N&CLIENT_SITE=www.clinicaboli.ru&LICENSE_KEY=X&SUPD_STS=1&SUPD_URS=0&SUPD_URSA=23&TYPENC=E&CLIENT_PHPVER=5.4.45&NGINX=Y&dbv=5.5.52&instm=main%2C16.5.16%2CN%3Bvote%2C17.5.0%2CN%3Bclouds%2C17.0.0%2CN%3Bsocialservices%2C17.1.5%2CN%3Biblock%2C17.0.9%2CN%3Bcompression%2C16.0.0%2CN%3Bmobileapp%2C16.0.10%2CN%3Bbitrix.sitepersonal%2C15.0.0%2CN%3Bbitrix.siteinfoportal%2C15.0.0%2CN%3Bbitrix.sitecorporate%2C15.0.0%2CN%3Btranslate%2C15.5.0%2CN%3Bperfmon%2C17.0.0%2CN%3Bsubscribe%2C17.0.0%2CN%3Bscale%2C16.0.0%2CN%3Bphotogallery%2C17.0.2%2CN%3Bhighloadblock%2C16.0.2%2CN%3Bsearch%2C17.0.1%2CN%3Bsecurity%2C17.0.1%2CN%3Bblog%2C17.0.0%2CN%3Bbitrixcloud%2C17.0.0%2CN%3Bforum%2C17.0.1%2CN%3Bfileman%2C17.5.0%2CN%3Bform%2C17.0.1%2CN%3Bseo%2C17.0.7%2CN&reqm=bitrix.sitepersonal%2Cbitrix.siteinfoportal%2Cbitrix.sitecorporate&SUPD_SRS=RU&SUPD_CMP=N
2019-01-21 12:00:43 -  - exec CUpdateClientPartner::GetHTTPPage
2019-01-21 12:00:43 -  - TIME GetUpdatesList(request) 0.38 sec
2019-01-21 12:00:43 -  - exec CUpdateClientPartner::ParseServerData
2019-01-21 12:00:59 -  - exec CUpdateClientPartner::GetUpdatesList
2019-01-21 12:00:59 -  - exec CUpdateClientPartner::__CollectRequestData
2019-01-21 12:00:59 -  - utf=Y&lang=ru&stable=Y&CANGZIP=Y&SUPD_DBS=MYSQL&XE=N&CLIENT_SITE=www.clinicaboli.ru&LICENSE_KEY=X&SUPD_STS=1&SUPD_URS=0&SUPD_URSA=23&TYPENC=E&CLIENT_PHPVER=5.4.45&NGINX=Y&dbv=5.5.52&instm=main%2C16.5.16%2CN%3Bvote%2C17.5.0%2CN%3Bclouds%2C17.0.0%2CN%3Bsocialservices%2C17.1.5%2CN%3Biblock%2C17.0.9%2CN%3Bcompression%2C16.0.0%2CN%3Bmobileapp%2C16.0.10%2CN%3Bbitrix.sitepersonal%2C15.0.0%2CN%3Bbitrix.siteinfoportal%2C15.0.0%2CN%3Bbitrix.sitecorporate%2C15.0.0%2CN%3Btranslate%2C15.5.0%2CN%3Bperfmon%2C17.0.0%2CN%3Bsubscribe%2C17.0.0%2CN%3Bscale%2C16.0.0%2CN%3Bphotogallery%2C17.0.2%2CN%3Bhighloadblock%2C16.0.2%2CN%3Bsearch%2C17.0.1%2CN%3Bsecurity%2C17.0.1%2CN%3Bblog%2C17.0.0%2CN%3Bbitrixcloud%2C17.0.0%2CN%3Bforum%2C17.0.1%2CN%3Bfileman%2C17.5.0%2CN%3Bform%2C17.0.1%2CN%3Bseo%2C17.0.7%2CN&reqm=bitrix.sitepersonal%2Cbitrix.siteinfoportal%2Cbitrix.sitecorporate&fullmoduleinfo=Y&SUPD_SRS=RU&SUPD_CMP=N
2019-01-21 12:00:59 -  - exec CUpdateClientPartner::GetHTTPPage
2019-01-21 12:00:59 -  - TIME GetUpdatesList(request) 0.414 sec
2019-01-21 12:00:59 -  - exec CUpdateClientPartner::ParseServerData
2020-02-17 15:30:22 -  - exec CUpdateClientPartner::GetUpdatesList
2020-02-17 15:30:22 -  - exec CUpdateClientPartner::__CollectRequestData
2020-02-17 15:30:22 -  - utf=Y&lang=ru&stable=Y&CANGZIP=Y&SUPD_DBS=MYSQL&XE=N&CLIENT_SITE=www.clinicaboli.ru&LICENSE_KEY=X&SUPD_STS=1&SUPD_URS=0&SUPD_URSA=5440&TYPENC=E&CLIENT_PHPVER=5.4.45&NGINX=Y&dbv=5.6.41&instm=main%2C16.5.16%2CN%3Bbitrix.sitecorporate%2C15.0.0%2CN%3Bbitrix.siteinfoportal%2C15.0.0%2CN%3Bbitrix.sitepersonal%2C15.0.0%2CN%3Bbitrixcloud%2C17.0.0%2CN%3Bblog%2C17.0.0%2CN%3Bclouds%2C17.0.0%2CN%3Bcompression%2C16.0.0%2CN%3Bfileman%2C17.5.0%2CN%3Bform%2C17.0.1%2CN%3Bforum%2C17.0.1%2CN%3Bhighloadblock%2C16.0.2%2CN%3Biblock%2C17.0.9%2CN%3Bmobileapp%2C16.0.10%2CN%3Bperfmon%2C17.0.0%2CN%3Bphotogallery%2C17.0.2%2CN%3Bscale%2C16.0.0%2CN%3Bsearch%2C17.0.1%2CN%3Bsecurity%2C17.0.1%2CN%3Bseo%2C17.0.7%2CN%3Bsocialservices%2C17.1.5%2CN%3Bsubscribe%2C17.0.0%2CN%3Btranslate%2C15.5.0%2CN%3Bvote%2C17.5.0%2CN&reqm=bitrix.sitecorporate%2Cbitrix.siteinfoportal%2Cbitrix.sitepersonal&fullmoduleinfo=Y&SUPD_SRS=RU&SUPD_CMP=N
2020-02-17 15:30:22 -  - exec CUpdateClientPartner::GetHTTPPage
2020-02-17 15:30:22 -  - TIME GetUpdatesList(request) 0.375 sec
2020-02-17 15:30:22 -  - exec CUpdateClientPartner::ParseServerData
2020-07-16 14:48:05 -  - exec CUpdateClientPartner::GetUpdatesList
2020-07-16 14:48:05 -  - exec CUpdateClientPartner::__CollectRequestData
2020-07-16 14:48:05 -  - utf=Y&lang=ru&stable=Y&CANGZIP=Y&SUPD_DBS=MYSQL&XE=N&CLIENT_SITE=www.clinicaboli.ru&LICENSE_KEY=X&SUPD_STS=1&SUPD_URS=0&SUPD_URSA=5440&TYPENC=E&CLIENT_PHPVER=5.4.45&NGINX=Y&dbv=5.6.41&instm=main%2C16.5.16%2CN%3Bbitrix.sitecorporate%2C15.0.0%2CN%3Bbitrix.siteinfoportal%2C15.0.0%2CN%3Bbitrix.sitepersonal%2C15.0.0%2CN%3Bbitrixcloud%2C17.0.0%2CN%3Bblog%2C17.0.0%2CN%3Bclouds%2C17.0.0%2CN%3Bcompression%2C16.0.0%2CN%3Bfileman%2C17.5.0%2CN%3Bform%2C17.0.1%2CN%3Bforum%2C17.0.1%2CN%3Bhighloadblock%2C16.0.2%2CN%3Biblock%2C17.0.9%2CN%3Bmobileapp%2C16.0.10%2CN%3Bperfmon%2C17.0.0%2CN%3Bphotogallery%2C17.0.2%2CN%3Bscale%2C16.0.0%2CN%3Bsearch%2C17.0.1%2CN%3Bsecurity%2C17.0.1%2CN%3Bseo%2C17.0.7%2CN%3Bsocialservices%2C17.1.5%2CN%3Bsubscribe%2C17.0.0%2CN%3Btranslate%2C15.5.0%2CN%3Bvote%2C17.5.0%2CN&reqm=bitrix.sitecorporate%2Cbitrix.siteinfoportal%2Cbitrix.sitepersonal&SUPD_SRS=RU&SUPD_CMP=N
2020-07-16 14:48:05 -  - exec CUpdateClientPartner::GetHTTPPage
2020-07-16 14:48:06 -  - TIME GetUpdatesList(request) 0.446 sec
2020-07-16 14:48:06 -  - exec CUpdateClientPartner::ParseServerData
2020-07-16 14:48:11 -  - exec CUpdateClientPartner::GetUpdatesList
2020-07-16 14:48:11 -  - exec CUpdateClientPartner::__CollectRequestData
2020-07-16 14:48:11 -  - utf=Y&lang=ru&stable=Y&CANGZIP=Y&SUPD_DBS=MYSQL&XE=N&CLIENT_SITE=www.clinicaboli.ru&LICENSE_KEY=X&SUPD_STS=1&SUPD_URS=0&SUPD_URSA=5440&TYPENC=E&CLIENT_PHPVER=5.4.45&NGINX=Y&dbv=5.6.41&instm=main%2C16.5.16%2CN%3Bbitrix.sitecorporate%2C15.0.0%2CN%3Bbitrix.siteinfoportal%2C15.0.0%2CN%3Bbitrix.sitepersonal%2C15.0.0%2CN%3Bbitrixcloud%2C17.0.0%2CN%3Bblog%2C17.0.0%2CN%3Bclouds%2C17.0.0%2CN%3Bcompression%2C16.0.0%2CN%3Bfileman%2C17.5.0%2CN%3Bform%2C17.0.1%2CN%3Bforum%2C17.0.1%2CN%3Bhighloadblock%2C16.0.2%2CN%3Biblock%2C17.0.9%2CN%3Bmobileapp%2C16.0.10%2CN%3Bperfmon%2C17.0.0%2CN%3Bphotogallery%2C17.0.2%2CN%3Bscale%2C16.0.0%2CN%3Bsearch%2C17.0.1%2CN%3Bsecurity%2C17.0.1%2CN%3Bseo%2C17.0.7%2CN%3Bsocialservices%2C17.1.5%2CN%3Bsubscribe%2C17.0.0%2CN%3Btranslate%2C15.5.0%2CN%3Bvote%2C17.5.0%2CN&reqm=bitrix.sitecorporate%2Cbitrix.siteinfoportal%2Cbitrix.sitepersonal&fullmoduleinfo=Y&SUPD_SRS=RU&SUPD_CMP=N
2020-07-16 14:48:11 -  - exec CUpdateClientPartner::GetHTTPPage
2020-07-16 14:48:11 -  - TIME GetUpdatesList(request) 0.222 sec
2020-07-16 14:48:11 -  - exec CUpdateClientPartner::ParseServerData
2021-12-28 18:22:43 -  - exec CUpdateClientPartner::GetUpdatesList
2021-12-28 18:22:43 -  - exec CUpdateClientPartner::__CollectRequestData
2021-12-28 18:22:43 -  - utf=Y&lang=ru&stable=Y&CANGZIP=Y&SUPD_DBS=MYSQL&XE=N&CLIENT_SITE=clinicaboli.ru&LICENSE_KEY=X&SUPD_STS=1&SUPD_URS=0&SUPD_URSA=5360&TYPENC=E&CLIENT_PHPVER=5.4.45&NGINX=Y&dbv=5.6.41&instm=main%2C16.5.16%2CN%3Bbitrix.sitecorporate%2C15.0.0%2CN%3Bbitrix.siteinfoportal%2C15.0.0%2CN%3Bbitrix.sitepersonal%2C15.0.0%2CN%3Bbitrixcloud%2C17.0.0%2CN%3Bblog%2C17.0.0%2CN%3Bclouds%2C17.0.0%2CN%3Bcompression%2C16.0.0%2CN%3Bfileman%2C17.5.0%2CN%3Bform%2C17.0.1%2CN%3Bforum%2C17.0.1%2CN%3Bhighloadblock%2C16.0.2%2CN%3Biblock%2C17.0.9%2CN%3Bmobileapp%2C16.0.10%2CN%3Bperfmon%2C17.0.0%2CN%3Bphotogallery%2C17.0.2%2CN%3Bscale%2C16.0.0%2CN%3Bsearch%2C17.0.1%2CN%3Bsecurity%2C17.0.1%2CN%3Bseo%2C17.0.7%2CN%3Bsocialservices%2C17.1.5%2CN%3Bsubscribe%2C17.0.0%2CN%3Btranslate%2C15.5.0%2CN%3Bvote%2C17.5.0%2CN&reqm=bitrix.sitecorporate%2Cbitrix.siteinfoportal%2Cbitrix.sitepersonal&fullmoduleinfo=Y&SUPD_SRS=RU&SUPD_CMP=N
2021-12-28 18:22:43 -  - exec CUpdateClientPartner::GetHTTPPage
2021-12-28 18:22:43 -  - TIME GetUpdatesList(request) 0.296 sec
2021-12-28 18:22:43 -  - exec CUpdateClientPartner::ParseServerData
2022-08-11 11:21:59 -  - exec CUpdateClientPartner::GetUpdatesList
2022-08-11 11:21:59 -  - exec CUpdateClientPartner::__CollectRequestData
2022-08-11 11:21:59 -  - utf=Y&lang=ru&stable=Y&CANGZIP=Y&SUPD_DBS=MYSQL&XE=N&CLIENT_SITE=clinicaboli.ru&LICENSE_KEY=X&SUPD_STS=1&SUPD_URS=0&SUPD_URSA=5240&TYPENC=E&CLIENT_PHPVER=5.4.45&NGINX=Y&dbv=5.6.51&instm=main%2C16.5.16%2CN%3Bbitrix.sitecorporate%2C15.0.0%2CN%3Bbitrix.siteinfoportal%2C15.0.0%2CN%3Bbitrix.sitepersonal%2C15.0.0%2CN%3Bbitrixcloud%2C17.0.0%2CN%3Bblog%2C17.0.0%2CN%3Bclouds%2C17.0.0%2CN%3Bcompression%2C16.0.0%2CN%3Bfileman%2C17.5.0%2CN%3Bform%2C17.0.1%2CN%3Bforum%2C17.0.1%2CN%3Bhighloadblock%2C16.0.2%2CN%3Biblock%2C17.0.9%2CN%3Bmobileapp%2C16.0.10%2CN%3Bperfmon%2C17.0.0%2CN%3Bphotogallery%2C17.0.2%2CN%3Bscale%2C16.0.0%2CN%3Bsearch%2C17.0.1%2CN%3Bsecurity%2C17.0.1%2CN%3Bseo%2C17.0.7%2CN%3Bsocialservices%2C17.1.5%2CN%3Bsubscribe%2C17.0.0%2CN%3Btranslate%2C15.5.0%2CN%3Bvote%2C17.5.0%2CN&reqm=bitrix.sitecorporate%2Cbitrix.siteinfoportal%2Cbitrix.sitepersonal&fullmoduleinfo=Y&SUPD_SRS=RU&SUPD_CMP=N
2022-08-11 11:21:59 -  - exec CUpdateClientPartner::GetHTTPPage
2022-08-11 11:21:59 -  - TIME GetUpdatesList(request) 0.236 sec
2022-08-11 11:21:59 -  - exec CUpdateClientPartner::ParseServerData
2022-08-11 17:40:41 -  - exec CUpdateClientPartner::GetUpdatesList
2022-08-11 17:40:41 -  - exec CUpdateClientPartner::__CollectRequestData
2022-08-11 17:40:41 -  - utf=Y&lang=ru&stable=Y&CANGZIP=Y&SUPD_DBS=MYSQL&XE=N&CLIENT_SITE=clinicaboli.ru&LICENSE_KEY=X&SUPD_STS=1&SUPD_URS=0&SUPD_URSA=5240&TYPENC=E&CLIENT_PHPVER=5.4.45&NGINX=Y&dbv=5.6.51&instm=main%2C16.5.16%2CN%3Bbitrix.sitecorporate%2C15.0.0%2CN%3Bbitrix.siteinfoportal%2C15.0.0%2CN%3Bbitrix.sitepersonal%2C15.0.0%2CN%3Bbitrixcloud%2C17.0.0%2CN%3Bblog%2C17.0.0%2CN%3Bclouds%2C17.0.0%2CN%3Bcompression%2C16.0.0%2CN%3Bfileman%2C17.5.0%2CN%3Bform%2C17.0.1%2CN%3Bforum%2C17.0.1%2CN%3Bhighloadblock%2C16.0.2%2CN%3Biblock%2C17.0.9%2CN%3Bmobileapp%2C16.0.10%2CN%3Bperfmon%2C17.0.0%2CN%3Bphotogallery%2C17.0.2%2CN%3Bscale%2C16.0.0%2CN%3Bsearch%2C17.0.1%2CN%3Bsecurity%2C17.0.1%2CN%3Bseo%2C17.0.7%2CN%3Bsocialservices%2C17.1.5%2CN%3Bsubscribe%2C17.0.0%2CN%3Btranslate%2C15.5.0%2CN%3Bvote%2C17.5.0%2CN&reqm=bitrix.sitecorporate%2Cbitrix.siteinfoportal%2Cbitrix.sitepersonal&fullmoduleinfo=Y&SUPD_SRS=RU&SUPD_CMP=N
2022-08-11 17:40:41 -  - exec CUpdateClientPartner::GetHTTPPage
2022-08-11 17:40:42 -  - TIME GetUpdatesList(request) 0.185 sec
2022-08-11 17:40:42 -  - exec CUpdateClientPartner::ParseServerData
2022-08-11 17:44:19 -  - exec CUpdateClientPartner::GetUpdatesList
2022-08-11 17:44:19 -  - exec CUpdateClientPartner::__CollectRequestData
2022-08-11 17:44:19 -  - utf=Y&lang=ru&stable=Y&CANGZIP=Y&SUPD_DBS=MYSQL&XE=N&CLIENT_SITE=clinicaboli.ru&LICENSE_KEY=X&SUPD_STS=1&SUPD_URS=0&SUPD_URSA=5240&TYPENC=E&CLIENT_PHPVER=5.4.45&NGINX=Y&dbv=5.6.51&instm=main%2C16.5.16%2CN%3Bbitrix.sitecorporate%2C15.0.0%2CN%3Bbitrix.siteinfoportal%2C15.0.0%2CN%3Bbitrix.sitepersonal%2C15.0.0%2CN%3Bbitrixcloud%2C17.0.0%2CN%3Bblog%2C17.0.0%2CN%3Bclouds%2C17.0.0%2CN%3Bcompression%2C16.0.0%2CN%3Bfileman%2C17.5.0%2CN%3Bform%2C17.0.1%2CN%3Bforum%2C17.0.1%2CN%3Bhighloadblock%2C16.0.2%2CN%3Biblock%2C17.0.9%2CN%3Bmobileapp%2C16.0.10%2CN%3Bperfmon%2C17.0.0%2CN%3Bphotogallery%2C17.0.2%2CN%3Bscale%2C16.0.0%2CN%3Bsearch%2C17.0.1%2CN%3Bsecurity%2C17.0.1%2CN%3Bseo%2C17.0.7%2CN%3Bsocialservices%2C17.1.5%2CN%3Bsubscribe%2C17.0.0%2CN%3Btranslate%2C15.5.0%2CN%3Bvote%2C17.5.0%2CN&reqm=bitrix.sitecorporate%2Cbitrix.siteinfoportal%2Cbitrix.sitepersonal&SUPD_SRS=RU&SUPD_CMP=N
2022-08-11 17:44:19 -  - exec CUpdateClientPartner::GetHTTPPage
2022-08-11 17:44:19 -  - TIME GetUpdatesList(request) 0.243 sec
2022-08-11 17:44:19 -  - exec CUpdateClientPartner::ParseServerData
2022-08-11 17:44:34 -  - exec CUpdateClientPartner::GetUpdatesList
2022-08-11 17:44:34 -  - exec CUpdateClientPartner::__CollectRequestData
2022-08-11 17:44:34 -  - utf=Y&lang=ru&stable=Y&CANGZIP=Y&SUPD_DBS=MYSQL&XE=N&CLIENT_SITE=clinicaboli.ru&LICENSE_KEY=X&SUPD_STS=1&SUPD_URS=0&SUPD_URSA=5240&TYPENC=E&CLIENT_PHPVER=5.4.45&NGINX=Y&dbv=5.6.51&instm=main%2C16.5.16%2CN%3Bbitrix.sitecorporate%2C15.0.0%2CN%3Bbitrix.siteinfoportal%2C15.0.0%2CN%3Bbitrix.sitepersonal%2C15.0.0%2CN%3Bbitrixcloud%2C17.0.0%2CN%3Bblog%2C17.0.0%2CN%3Bclouds%2C17.0.0%2CN%3Bcompression%2C16.0.0%2CN%3Bfileman%2C17.5.0%2CN%3Bform%2C17.0.1%2CN%3Bforum%2C17.0.1%2CN%3Bhighloadblock%2C16.0.2%2CN%3Biblock%2C17.0.9%2CN%3Bmobileapp%2C16.0.10%2CN%3Bperfmon%2C17.0.0%2CN%3Bphotogallery%2C17.0.2%2CN%3Bscale%2C16.0.0%2CN%3Bsearch%2C17.0.1%2CN%3Bsecurity%2C17.0.1%2CN%3Bseo%2C17.0.7%2CN%3Bsocialservices%2C17.1.5%2CN%3Bsubscribe%2C17.0.0%2CN%3Btranslate%2C15.5.0%2CN%3Bvote%2C17.5.0%2CN&reqm=bitrix.sitecorporate%2Cbitrix.siteinfoportal%2Cbitrix.sitepersonal&fullmoduleinfo=Y&SUPD_SRS=RU&SUPD_CMP=N
2022-08-11 17:44:34 -  - exec CUpdateClientPartner::GetHTTPPage
2022-08-11 17:44:34 -  - TIME GetUpdatesList(request) 0.185 sec
2022-08-11 17:44:34 -  - exec CUpdateClientPartner::ParseServerData
2022-08-11 18:04:19 -  - exec CUpdateClientPartner::GetUpdatesList
2022-08-11 18:04:19 -  - exec CUpdateClientPartner::__CollectRequestData
2022-08-11 18:04:19 -  - utf=Y&lang=ru&stable=Y&CANGZIP=Y&SUPD_DBS=MYSQL&XE=N&CLIENT_SITE=clinicaboli.ru&LICENSE_KEY=X&SUPD_STS=1&SUPD_URS=0&SUPD_URSA=5240&TYPENC=E&CLIENT_PHPVER=5.4.45&NGINX=Y&dbv=5.6.51&instm=main%2C16.5.16%2CN%3Bbitrix.sitecorporate%2C15.0.0%2CN%3Bbitrix.siteinfoportal%2C15.0.0%2CN%3Bbitrix.sitepersonal%2C15.0.0%2CN%3Bbitrixcloud%2C17.0.0%2CN%3Bblog%2C17.0.0%2CN%3Bclouds%2C17.0.0%2CN%3Bcompression%2C16.0.0%2CN%3Bfileman%2C17.5.0%2CN%3Bform%2C17.0.1%2CN%3Bforum%2C17.0.1%2CN%3Bhighloadblock%2C16.0.2%2CN%3Biblock%2C17.0.9%2CN%3Bmobileapp%2C16.0.10%2CN%3Bperfmon%2C17.0.0%2CN%3Bphotogallery%2C17.0.2%2CN%3Bscale%2C16.0.0%2CN%3Bsearch%2C17.0.1%2CN%3Bsecurity%2C17.0.1%2CN%3Bseo%2C17.0.7%2CN%3Bsocialservices%2C17.1.5%2CN%3Bsubscribe%2C17.0.0%2CN%3Btranslate%2C15.5.0%2CN%3Bvote%2C17.5.0%2CN&reqm=bitrix.sitecorporate%2Cbitrix.siteinfoportal%2Cbitrix.sitepersonal&fullmoduleinfo=Y&SUPD_SRS=RU&SUPD_CMP=N
2022-08-11 18:04:19 -  - exec CUpdateClientPartner::GetHTTPPage
2022-08-11 18:04:19 -  - TIME GetUpdatesList(request) 0.245 sec
2022-08-11 18:04:19 -  - exec CUpdateClientPartner::ParseServerData
